<?xml version="1.0" encoding="UTF-8"?>
<!-- Generated by org.testng.reporters.JUnitXMLReporter -->
<testsuite ignored="0" hostname="DESKTOP-GTCRE9N" failures="0" tests="8" name="Default test" time="10.126" errors="0" timestamp="2022-07-05T17:19:26 IST">
  <testcase classname="com.tests.web.CarDekhoPageTest" name="OpenCarDekhoUrlTest" time="1.426"/>
  <testcase classname="com.tests.web.CarDekhoPageTest" name="SelectBudgetRangeTest" time="1.713"/>
  <testcase classname="com.tests.web.CarDekhoPageTest" name="SelectCityTest" time="0.467"/>
  <testcase classname="com.tests.web.CarDekhoPageTest" name="NavigateToUsedCarPageTest" time="1.384"/>
  <testcase classname="com.tests.web.CarDekhoPageTest" name="SortByPriceTest" time="0.935"/>
  <testcase classname="com.tests.web.CarDekhoPageTest" name="SelectCarTest" time="1.759"/>
  <testcase classname="com.tests.web.CarDekhoPageTest" name="SelectReportTest" time="1.4"/>
  <testcase classname="com.tests.web.CarDekhoPageTest" name="clickCarImageTest" time="0.67"/>
</testsuite> <!-- Default test -->
